<?xml version="1.0" encoding="UTF-8"?>
<testng-results skipped="0" failed="0" ignored="0" total="1" passed="1">
  <reporter-output>
  </reporter-output>
  <suite name="Default suite" duration-ms="21035" started-at="2019-10-24T10:18:19 IST" finished-at="2019-10-24T10:18:40 IST">
    <groups>
    </groups>
    <test name="Default test" duration-ms="21035" started-at="2019-10-24T10:18:19 IST" finished-at="2019-10-24T10:18:40 IST">
      <class name="com.training.sanity.tests.UniformAdminProductFilterUNF_013">
        <test-method status="PASS" signature="setUpBeforeClass()[pri:0, instance:com.training.sanity.tests.UniformAdminProductFilterUNF_013@79be0360]" name="setUpBeforeClass" is-config="true" duration-ms="17" started-at="2019-10-24T10:18:19 IST" finished-at="2019-10-24T10:18:19 IST">
          <reporter-output>
          </reporter-output>
        </test-method> <!-- setUpBeforeClass -->
        <test-method status="PASS" signature="setUp()[pri:0, instance:com.training.sanity.tests.UniformAdminProductFilterUNF_013@79be0360]" name="setUp" is-config="true" duration-ms="13226" started-at="2019-10-24T10:18:19 IST" finished-at="2019-10-24T10:18:32 IST">
          <reporter-output>
          </reporter-output>
        </test-method> <!-- setUp -->
        <test-method status="PASS" signature="productFilter()[pri:0, instance:com.training.sanity.tests.UniformAdminProductFilterUNF_013@79be0360]" name="productFilter" duration-ms="4856" started-at="2019-10-24T10:18:32 IST" finished-at="2019-10-24T10:18:37 IST">
          <reporter-output>
          </reporter-output>
        </test-method> <!-- productFilter -->
        <test-method status="PASS" signature="afterMethod()[pri:0, instance:com.training.sanity.tests.UniformAdminProductFilterUNF_013@79be0360]" name="afterMethod" is-config="true" duration-ms="2886" started-at="2019-10-24T10:18:37 IST" finished-at="2019-10-24T10:18:40 IST">
          <reporter-output>
          </reporter-output>
        </test-method> <!-- afterMethod -->
      </class> <!-- com.training.sanity.tests.UniformAdminProductFilterUNF_013 -->
    </test> <!-- Default test -->
  </suite> <!-- Default suite -->
</testng-results>
